Table cart created successfully
Posted data: Array
(
    [id] => 1
    [name] => Integraalhelm Course Raider 2.0
    [price] => 109.49
)

Inserted product_id 1, name Integraalhelm Course Raider 2.0, price 109.49 into cart
Table cart created successfully
Posted data: Array
(
    [id] => 1
    [name] => Integraalhelm Course Raider 2.0
    [price] => 109.49
)

Updated quantity for product_id 1
Table cart created successfully
Posted data: Array
(
    [id] => 3
    [name] => Jas Rev'It! Vertex H2O Zwart
    [price] => 199.99
)

Inserted product_id 3, name Jas Rev'It! Vertex H2O Zwart, price 199.99 into cart
Table cart created successfully
Posted data: Array
(
    [id] => 3
    [name] => Jas Rev'It! Vertex H2O Zwart
    [price] => 199.99
)

Updated quantity for product_id 3
Table cart created successfully
Posted data: Array
(
    [id] => 5
    [name] => Motorschoenen Alpinestars SpeedForce
    [price] => 159.99
)

Inserted product_id 5, name Motorschoenen Alpinestars SpeedForce, price 159.99 into cart
Table cart created successfully
Posted data: Array
(
    [id] => 8
    [name] => Motorschoenen Rev!it G-Force
    [price] => 149.99
)

Inserted product_id 8, name Motorschoenen Rev!it G-Force, price 149.99 into cart
Table cart created successfully
Posted data: Array
(
    [id] => 2
    [name] => Motorbroek RST Tractech Evo 4 Rood
    [price] => 259.99
)

Inserted product_id 2, name Motorbroek RST Tractech Evo 4 Rood, price 259.99 into cart
Table cart created successfully
Posted data: Array
(
    [id] => 2
    [name] => Motorbroek RST Tractech Evo 4 Rood
    [price] => 259.99
)

Updated quantity for product_id 2
Table cart created successfully
Posted data: Array
(
    [id] => 2
    [name] => Motorbroek RST Tractech Evo 4 Rood
    [price] => 259.99
)

Updated quantity for product_id 2
Table cart created successfully
Posted data: Array
(
    [id] => 2
    [name] => Motorbroek RST Tractech Evo 4 Rood
    [price] => 259.99
)

Updated quantity for product_id 2
Table cart created successfully
Posted data: Array
(
    [id] => 2
    [name] => Motorbroek RST Tractech Evo 4 Rood
    [price] => 259.99
)

Updated quantity for product_id 2
Table cart created successfully
Posted data: Array
(
    [id] => 2
    [name] => Motorbroek RST Tractech Evo 4 Rood
    [price] => 259.99
)

Inserted product_id 2, name Motorbroek RST Tractech Evo 4 Rood, price 259.99 into cart
Table cart created successfully
Posted data: Array
(
    [id] => 3
    [name] => Jas Rev'It! Vertex H2O Zwart
    [price] => 199.99
)

Inserted product_id 3, name Jas Rev'It! Vertex H2O Zwart, price 199.99 into cart
Table cart created successfully
Posted data: Array
(
    [id] => 3
    [name] => Jas Rev'It! Vertex H2O Zwart
    [price] => 199.99
)

Updated quantity for product_id 3
Table cart created successfully
Posted data: Array
(
    [id] => 3
    [name] => Jas Rev'It! Vertex H2O Zwart
    [price] => 199.99
)

Updated quantity for product_id 3
Table cart created successfully
Posted data: Array
(
    [id] => 3
    [name] => Jas Rev'It! Vertex H2O Zwart
    [price] => 199.99
)

Updated quantity for product_id 3
Table cart created successfully
Posted data: Array
(
    [id] => 1
    [name] => Integraalhelm Course Raider 2.0
    [price] => 109.49
)

Inserted product_id 1, name Integraalhelm Course Raider 2.0, price 109.49 into cart
Table cart created successfully
Posted data: Array
(
    [id] => 3
    [name] => Jas Rev'It! Vertex H2O Zwart
    [price] => 199.99
)

Inserted product_id 3, name Jas Rev'It! Vertex H2O Zwart, price 199.99 into cart
Table cart created successfully
Posted data: Array
(
    [id] => 2
    [name] => Motorbroek RST Tractech Evo 4 Rood
    [price] => 259.99
)

Inserted product_id 2, name Motorbroek RST Tractech Evo 4 Rood, price 259.99 into cart
Table cart created successfully
Posted data: Array
(
    [id] => 2
    [name] => Motorbroek RST Tractech Evo 4 Rood
    [price] => 259.99
)

Updated quantity for product_id 2
Table cart created successfully
Posted data: Array
(
    [id] => 3
    [name] => Jas Rev'It! Vertex H2O Zwart
    [price] => 199.99
)

Updated quantity for product_id 3
Table cart created successfully
Posted data: Array
(
    [id] => 3
    [name] => Jas Rev'It! Vertex H2O Zwart
    [price] => 199.99
)

Updated quantity for product_id 3
Table cart created successfully
Posted data: Array
(
    [id] => 3
    [name] => Jas Rev'It! Vertex H2O Zwart
    [price] => 199.99
)

Updated quantity for product_id 3
Table cart created successfully
Posted data: Array
(
    [id] => 9
    [name] => Systeemhelm HJC C91 Pearl Wit
    [price] => 129.99
)

Inserted product_id 9, name Systeemhelm HJC C91 Pearl Wit, price 129.99 into cart
Table cart created successfully
Posted data: Array
(
    [id] => 9
    [name] => Systeemhelm HJC C91 Pearl Wit
    [price] => 129.99
)

Updated quantity for product_id 9
Table cart created successfully
Posted data: Array
(
    [id] => 9
    [name] => Systeemhelm HJC C91 Pearl Wit
    [price] => 129.99
)

Updated quantity for product_id 9
Table cart created successfully
Posted data: Array
(
    [id] => 9
    [name] => Systeemhelm HJC C91 Pearl Wit
    [price] => 129.99
)

Updated quantity for product_id 9
Table cart created successfully
Posted data: Array
(
    [id] => 9
    [name] => Systeemhelm HJC C91 Pearl Wit
    [price] => 129.99
)

Updated quantity for product_id 9
Table cart created successfully
Posted data: Array
(
    [id] => 9
    [name] => Systeemhelm HJC C91 Pearl Wit
    [price] => 129.99
)

Updated quantity for product_id 9
Table cart created successfully
Posted data: Array
(
    [id] => 2
    [name] => Motorbroek RST Tractech Evo 4 Rood
    [price] => 259.99
)

Inserted product_id 2, name Motorbroek RST Tractech Evo 4 Rood, price 259.99 into cart
Table cart created successfully
Posted data: Array
(
    [id] => 2
    [name] => Motorbroek RST Tractech Evo 4 Rood
    [price] => 259.99
)

Inserted product_id 2, name Motorbroek RST Tractech Evo 4 Rood, price 259.99 into cart
Table cart created successfully
Posted data: Array
(
    [id] => 1
    [name] => Integraalhelm Course Raider 2.0
    [price] => 109.49
)

Inserted product_id 1, name Integraalhelm Course Raider 2.0, price 109.49 into cart
Table cart created successfully
Posted data: Array
(
    [id] => 1
    [name] => Integraalhelm Course Raider 2.0
    [price] => 109.49
)

Inserted product_id 1, name Integraalhelm Course Raider 2.0, price 109.49 into cart
Table cart created successfully
Posted data: Array
(
    [id] => 1
    [name] => Integraalhelm Course Raider 2.0
    [price] => 109.49
)

Inserted product_id 1, name Integraalhelm Course Raider 2.0, price 109.49 into cart
Table cart created successfully
Posted data: Array
(
    [id] => 2
    [name] => Motorbroek RST Tractech Evo 4 Rood
    [price] => 259.99
)

Inserted product_id 2, name Motorbroek RST Tractech Evo 4 Rood, price 259.99 into cart
Table cart created successfully
Posted data: Array
(
    [id] => 3
    [name] => Jas Rev'It! Vertex H2O Zwart
    [price] => 199.99
)

Inserted product_id 3, name Jas Rev'It! Vertex H2O Zwart, price 199.99 into cart
Table cart created successfully
Posted data: Array
(
    [id] => 2
    [name] => Motorbroek RST Tractech Evo 4 Rood
    [price] => 259.99
)

Inserted product_id 2, name Motorbroek RST Tractech Evo 4 Rood, price 259.99 into cart
Table cart created successfully
Posted data: Array
(
    [id] => 4
    [name] => Motorjas Alpinestars Ast V2 Air
    [price] => 189.99
)

Inserted product_id 4, name Motorjas Alpinestars Ast V2 Air, price 189.99 into cart
Table cart created successfully
Posted data: Array
(
    [id] => 6
    [name] => Motorhandschoenen Alpinestars Sp-8
    [price] => 99.99
)

Inserted product_id 6, name Motorhandschoenen Alpinestars Sp-8, price 99.99 into cart
Table cart created successfully
Posted data: Array
(
    [id] => 6
    [name] => Motorhandschoenen Alpinestars Sp-8
    [price] => 99.99
)

Updated quantity for product_id 6
Table cart created successfully
Posted data: Array
(
    [id] => 1
    [name] => Integraalhelm Course Raider 2.0
    [price] => 109.49
)

Inserted product_id 1, name Integraalhelm Course Raider 2.0, price 109.49 into cart
Table cart created successfully
Posted data: Array
(
    [id] => 2
    [name] => Motorbroek RST Tractech Evo 4 Rood
    [price] => 259.99
)

Inserted product_id 2, name Motorbroek RST Tractech Evo 4 Rood, price 259.99 into cart
Table cart created successfully
Posted data: Array
(
    [id] => 2
    [name] => Motorbroek RST Tractech Evo 4 Rood
    [price] => 259.99
)

Inserted product_id 2, name Motorbroek RST Tractech Evo 4 Rood, price 259.99 into cart
Table cart created successfully
Posted data: Array
(
    [id] => 2
    [name] => Motorbroek RST Tractech Evo 4 Rood
    [price] => 259.99
)

Updated quantity for product_id 2
Table cart created successfully
Posted data: Array
(
    [id] => 1
    [name] => Integraalhelm Course Raider 2.0
    [price] => 109.49
)

Inserted product_id 1, name Integraalhelm Course Raider 2.0, price 109.49 into cart
Table cart created successfully
Posted data: Array
(
    [id] => 3
    [name] => Jas Rev'It! Vertex H2O Zwart
    [price] => 199.99
)

Inserted product_id 3, name Jas Rev'It! Vertex H2O Zwart, price 199.99 into cart
Table cart created successfully
Posted data: Array
(
    [id] => 11
    [name] => Beugelslot SXP 802J
    [price] => 16.99
)

Inserted product_id 11, name Beugelslot SXP 802J, price 16.99 into cart
Table cart created successfully
Posted data: Array
(
    [id] => 3
    [name] => Jas Rev'It! Vertex H2O Zwart
    [price] => 199.99
)

Inserted product_id 3, name Jas Rev'It! Vertex H2O Zwart, price 199.99 into cart
Connection failed: Connection refused
Table cart created successfully
Posted data: Array
(
    [id] => 1
    [name] => Integraalhelm Course Raider 2.0
    [price] => 109.49
)

Inserted product_id 1, name Integraalhelm Course Raider 2.0, price 109.49 into cart
Table cart created successfully
Posted data: Array
(
    [id] => 2
    [name] => Motorbroek RST Tractech Evo 4 Rood
    [price] => 259.99
)

Inserted product_id 2, name Motorbroek RST Tractech Evo 4 Rood, price 259.99 into cart
Table cart created successfully
Posted data: Array
(
    [id] => 3
    [name] => Jas Rev'It! Vertex H2O Zwart
    [price] => 199.99
)

Inserted product_id 3, name Jas Rev'It! Vertex H2O Zwart, price 199.99 into cart
Table cart created successfully
Posted data: Array
(
    [id] => 3
    [name] => Jas Rev'It! Vertex H2O Zwart
    [price] => 199.99
)

Inserted product_id 3, name Jas Rev'It! Vertex H2O Zwart, price 199.99 into cart
Table cart created successfully
Posted data: Array
(
    [id] => 3
    [name] => Jas Rev'It! Vertex H2O Zwart
    [price] => 199.99
)

Updated quantity for product_id 3
Table cart created successfully
Posted data: Array
(
    [id] => 3
    [name] => Jas Rev'It! Vertex H2O Zwart
    [price] => 199.99
)

Updated quantity for product_id 3
Table cart created successfully
Posted data: Array
(
    [id] => 1
    [name] => Integraalhelm Course Raider 2.0
    [price] => 109.49
)

Inserted product_id 1, name Integraalhelm Course Raider 2.0, price 109.49 into cart
Table cart created successfully
Posted data: Array
(
    [id] => 1
    [name] => Integraalhelm Course Raider 2.0
    [price] => 109.49
)

Updated quantity for product_id 1
Table cart created successfully
Posted data: Array
(
    [id] => 1
    [name] => Integraalhelm Course Raider 2.0
    [price] => 109.49
)

Updated quantity for product_id 1
Table cart created successfully
Posted data: Array
(
    [id] => 1
    [name] => Integraalhelm Course Raider 2.0
    [price] => 109.49
)

Updated quantity for product_id 1
Table cart created successfully
Posted data: Array
(
    [id] => 1
    [name] => Integraalhelm Course Raider 2.0
    [price] => 109.49
)

Inserted product_id 1, name Integraalhelm Course Raider 2.0, price 109.49 into cart
Table cart created successfully
Posted data: Array
(
    [id] => 2
    [name] => Motorbroek RST Tractech Evo 4 Rood
    [price] => 259.99
)

Inserted product_id 2, name Motorbroek RST Tractech Evo 4 Rood, price 259.99 into cart
Table cart created successfully
Posted data: Array
(
    [id] => 1
    [name] => Integraalhelm Course Raider 2.0
    [price] => 109.49
)

Inserted product_id 1, name Integraalhelm Course Raider 2.0, price 109.49 into cart
Table cart created successfully
Posted data: Array
(
    [id] => 1
    [name] => Integraalhelm Course Raider 2.0
    [price] => 109.49
)

Inserted product_id 1, name Integraalhelm Course Raider 2.0, price 109.49 into cart
Table cart created successfully
Posted data: Array
(
    [id] => 1
    [name] => Integraalhelm Course Raider 2.0
    [price] => 109.49
)

Inserted product_id 1, name Integraalhelm Course Raider 2.0, price 109.49 into cart
Table cart created successfully
Posted data: Array
(
    [id] => 2
    [name] => Motorbroek RST Tractech Evo 4 Rood
    [price] => 259.99
)

Inserted product_id 2, name Motorbroek RST Tractech Evo 4 Rood, price 259.99 into cart
Table cart created successfully
Posted data: Array
(
    [id] => 1
    [name] => Integraalhelm Course Raider 2.0
    [price] => 109.49
)

Inserted product_id 1, name Integraalhelm Course Raider 2.0, price 109.49 into cart
Table cart created successfully
Posted data: Array
(
    [id] => 1
    [name] => Integraalhelm Course Raider 2.0
    [price] => 109.49
)

Inserted product_id 1, name Integraalhelm Course Raider 2.0, price 109.49 into cart
Table cart created successfully
Posted data: Array
(
    [id] => 1
    [name] => Integraalhelm Course Raider 2.0
    [price] => 109.49
)

Inserted product_id 1, name Integraalhelm Course Raider 2.0, price 109.49 into cart
Table cart created successfully
Posted data: Array
(
    [id] => 1
    [name] => Integraalhelm Course Raider 2.0
    [price] => 109.49
)

Inserted product_id 1, name Integraalhelm Course Raider 2.0, price 109.49 into cart
Table cart created successfully
Posted data: Array
(
    [id] => 2
    [name] => Motorbroek RST Tractech Evo 4 Rood
    [price] => 259.99
)

Inserted product_id 2, name Motorbroek RST Tractech Evo 4 Rood, price 259.99 into cart
Table cart created successfully
Posted data: Array
(
    [id] => 2
    [name] => Motorbroek RST Tractech Evo 4 Rood
    [price] => 259.99
)

Inserted product_id 2, name Motorbroek RST Tractech Evo 4 Rood, price 259.99 into cart
Table cart created successfully
Posted data: Array
(
    [id] => 2
    [name] => Motorbroek RST Tractech Evo 4 Rood
    [price] => 259.99
)

Inserted product_id 2, name Motorbroek RST Tractech Evo 4 Rood, price 259.99 into cart
